<?xml version="1.0" encoding="UTF-8"?>
<!-- Generated by org.testng.reporters.JUnitReportReporter -->
<testsuite skipped="0" hostname="DESKTOP-OJSB2IR" name="Example.TakeScreenShot" tests="1" failures="0" timestamp="17 Apr 2020 14:54:56 GMT" time="17.473" errors="0">
  <testcase name="testGuru99TakeScreenShot" time="17.473" classname="Example.TakeScreenShot"/>
</testsuite> <!-- Example.TakeScreenShot -->
