<?xml version="1.0" encoding="UTF-8"?>
<!-- Generated by org.testng.reporters.JUnitReportReporter -->
<testsuite skipped="0" hostname="DESKTOP-OJSB2IR" name="Example.ExplicitWaitOnAlert" tests="1" failures="0" timestamp="18 Apr 2020 03:41:57 GMT" time="41.224" errors="0">
  <testcase name="test" time="41.224" classname="Example.ExplicitWaitOnAlert"/>
</testsuite> <!-- Example.ExplicitWaitOnAlert -->
